This is JTeX, Version 1.8, based on TeX Version 3.14159 (Web2C 7.2) (format=jlatex 1998.6.14)  11 MAR 1999 09:42
**./images.tex
(./images.tex
LaTeX2e <1997/12/01> patch level 2

(/opt/free/share/texmf/tex/jlatex/base/jlatex209.def (/opt/free/share/texmf/tex
/latex/base/latex209.def
File: latex209.def 1996/05/21 v0.51 Standard LaTeX file
Entering LaTeX 2.09 compatibility mode.
\footheight=\dimen103
\@maxsep=\dimen104
\@dblmaxsep=\dimen105
\@cla=\count81
\@clb=\count82
\mscount=\count83
(/opt/free/share/texmf/tex/latex/base/tracefnt.sty
Package: tracefnt 1997/05/29 v3.0j Standard LaTeX package (font tracing)
\tracingfonts=\count84
LaTeX Info: Redefining \selectfont on input line 139.
)
\symbold=\mathgroup4
\symsans=\mathgroup5
\symtypewriter=\mathgroup6
\symitalic=\mathgroup7
\symsmallcaps=\mathgroup8
\symslanted=\mathgroup9
LaTeX Font Info:    Redeclaring math alphabet \mathbf on input line 306.
LaTeX Font Info:    Redeclaring math alphabet \mathsf on input line 307.
LaTeX Font Info:    Redeclaring math alphabet \mathtt on input line 308.
LaTeX Font Info:    Redeclaring math alphabet \mathit on input line 314.
LaTeX Info: Redefining \em on input line 324.
(/opt/free/share/texmf/tex/latex/base/latexsym.sty
Package: latexsym 1996/11/20 v2.2d Standard LaTeX package (lasy symbols)
\symlasy=\mathgroup10
LaTeX Font Info:    Overwriting symbol font `lasy' in version `bold'
(Font)                  U/lasy/m/n --> U/lasy/b/n on input line 85.
)
LaTeX Font Info:    Redeclaring math delimiter \lgroup on input line 388.
LaTeX Font Info:    Redeclaring math delimiter \rgroup on input line 390.
LaTeX Font Info:    Redeclaring math delimiter \bracevert on input line 392.
(/opt/free/share/texmf/tex/latex/config/latex209.cfg (/opt/free/share/texmf/tex
/latex/tools/rawfonts.sty
Compatibility mode: package `' requested, but `rawfonts' provided.
Package: rawfonts 1994/05/08 Low-level LaTeX 2.09 font compatibility
(/opt/free/share/texmf/tex/latex/tools/somedefs.sty
Package: somedefs 1994/06/01 Toolkit for optional definitions
)
LaTeX Font Info:    Try loading font information for U+lasy on input line 36.
(/opt/free/share/texmf/tex/latex/base/ulasy.fd
File: ulasy.fd 1996/11/20 v2.2dLaTeX symbol font definitions
))))) (/opt/free/share/texmf/tex/jlatex/base/tracejfnt.sty
Package: tracejfnt 1994/11/18 v2.3m Standard JLaTeX package (font tracing)
LaTeX Info: Redefining \selectfont on input line 6.
) (/opt/free/share/texmf/tex/jlatex/base/jarticle.cls) (/opt/free/share/texmf/t
ex/jlatex/base/j-article.cls
Document Class: j-article 1997/10/10 v1.3x Standard JLaTeX document class
(/opt/free/share/texmf/tex/jlatex/base/j-size10.clo
File: j-size10.clo 1997/10/10 v1.3x Standard JLaTeX file (size option)
(/opt/free/share/texmf/tex/jlatex/base/jresize10.clo))
\c@part=\count85
\c@section=\count86
\c@subsection=\count87
\c@subsubsection=\count88
\c@paragraph=\count89
\c@subparagraph=\count90
\c@figure=\count91
\c@table=\count92
\abovecaptionskip=\skip41
\belowcaptionskip=\skip42
Compatibility mode: definition of \rm ignored.
Compatibility mode: definition of \sf ignored.
Compatibility mode: definition of \tt ignored.
Compatibility mode: definition of \bf ignored.
Compatibility mode: definition of \it ignored.
Compatibility mode: definition of \sl ignored.
Compatibility mode: definition of \sc ignored.
LaTeX Info: Redefining \cal on input line 555.
LaTeX Info: Redefining \mit on input line 556.
\bibindent=\dimen106
) (/home/x/masao/LaTeX/a4j.sty) (/home/x/masao/LaTeX/eclepsf.sty
EPSF macro package for LaTeX. version 1.5 - Released May 11, 1992
\@arga=\count93
\@argb=\count94
\@argc=\count95
\@ctmpa=\count96
\@ctmpb=\count97
\@ctmpc=\count98
\@ctmpd=\count99
\@ctmpe=\count100
\@darg=\dimen107
\@bblen=\dimen108
\ps@stream=\read1
) (/opt/free/share/texmf/tex/platex/base/ascmac.sty (/opt/free/share/texmf/tex/
platex/base/tascmac.sty
\@savetbaselineshift=\dimen109
\@saveybaselineshift=\dimen110
\scb@x=\box27
\scscb@x=\box28
\@bw=\dimen111
\@nbox=\box29
\@nbody=\box30
\@scw=\dimen112
\@itemh=\dimen113
\@iboxstr=\toks14
\@iboxpos=\toks15
\@bwsp=\box31
\@@bwsp=\box32
\@bcal=\count101
\shaderule=\dimen114
)) (/home/x/masao/LaTeX/eclbkbox.sty
\bk@bxb=\box33
\bk@bxa=\box34
\bk@lcnt=\count102
)
\sizebox=\box35
\lthtmlwrite=\write3
No file images.aux.
\openout1 = `images.aux'.

LaTeX Font Info:    Checking defaults for OML/cmm/m/it on input line 77.
LaTeX Font Info:    ... okay on input line 77.
LaTeX Font Info:    Checking defaults for T1/cmr/m/n on input line 77.
LaTeX Font Info:    ... okay on input line 77.
LaTeX Font Info:    Checking defaults for OT1/cmr/m/n on input line 77.
LaTeX Font Info:    ... okay on input line 77.
LaTeX Font Info:    Checking defaults for OMS/cmsy/m/n on input line 77.
LaTeX Font Info:    ... okay on input line 77.
LaTeX Font Info:    Checking defaults for OMX/cmex/m/n on input line 77.
LaTeX Font Info:    ... okay on input line 77.
LaTeX Font Info:    Checking defaults for U/cmr/m/n on input line 77.
LaTeX Font Info:    ... okay on input line 77.
LaTeX Font Info:    Checking defaults for JP/dn/m/n on input line 77.
LaTeX Font Info:    ... okay on input line 77.
latex2htmlLength hsize=349.0pt
latex2htmlLength vsize=700.31879pt
latex2htmlLength hoffset=0.0pt
latex2htmlLength voffset=0.0pt
latex2htmlLength topmargin=0.0pt
latex2htmlLength topskip=0.00003pt
latex2htmlLength headheight=0.0pt
latex2htmlLength headsep=0.0pt
latex2htmlLength parskip=0.0pt plus 1.0pt
latex2htmlLength oddsidemargin=0.0pt
latex2htmlLength evensidemargin=0.0pt
LaTeX Font Info:    External font `cmex10' loaded for size
(Font)              <7> on input line 95.
LaTeX Font Info:    External font `cmex10' loaded for size
(Font)              <5> on input line 95.
l2hSize :tex2html_wrap_inline10:6.45831pt::0.0pt::5.00002pt.
[1


]
l2hSize :tex2html_wrap_inline54:6.45831pt::0.0pt::5.00002pt.
[2


]

! LaTeX Error: Environment tex2html_preform undefined.

See the LaTeX manual or LaTeX Companion for explanation.
Type  H <return>  for immediate help.
 ...                                              
                                                  
l.113 \begin{breakbox}\begin{tex2html_preform}
                                              \begin{verbatim}<?xml version=...

Your command was ignored.
Type  I <command> <return>  to replace it with another command,
or  <return>  to continue without it.


Overfull \hbox (30.54674pt too wide) in paragraph at lines 186--186
[]\OT1/cmtt/m/n/10 <ToolBar XML-Link="LINK" Role="HTML" Show="EMBED" href="tool
bar.html"/>[] 
 []


Overfull \hbox (14.79688pt too wide) in paragraph at lines 186--186
[]      \OT1/cmtt/m/n/10 <Title XML-Link="LINK" href="@Ab2PageView/98?">Preface
</Title>[] 
 []


Overfull \hbox (77.79633pt too wide) in paragraph at lines 186--186
[]      \OT1/cmtt/m/n/10 <Title XML-Link="LINK" href="@Ab2PageView/386?">Introd
uction to the Solari[] 
 []


Overfull \hbox (51.54655pt too wide) in paragraph at lines 186--186
[]      \OT1/cmtt/m/n/10 <Title XML-Link="LINK" href="@Ab2PageView/2999?">File 
Manager</Title>[] 
 []


Overfull \hbox (46.2966pt too wide) in paragraph at lines 186--186
[]      \OT1/cmtt/m/n/10 <Title XML-Link="LINK" href="@Ab2PageView/6205?">Text 
Editor</Title>[] 
 []


Overfull \hbox (77.79633pt too wide) in paragraph at lines 186--186
[]       \OT1/cmtt/m/n/10 <Title XML-Link="LINK" href="@Ab2PageView/7393?">Mult
imedia Mail Tool</Ti[] 
 []


Overfull \hbox (77.79633pt too wide) in paragraph at lines 186--186
[]       \OT1/cmtt/m/n/10 <Title XML-Link="LINK" href="@Ab2PageView/11023?">Cal
endar Manager</Title[] 
 []


Overfull \hbox (77.79633pt too wide) in paragraph at lines 186--186
[]       \OT1/cmtt/m/n/10 <Title XML-Link="LINK" href="@Ab2PageView/13421?">Com
mand Tool, Shell Too[] 
 []


Overfull \hbox (30.54674pt too wide) in paragraph at lines 186--186
[]       \OT1/cmtt/m/n/10 <Title XML-Link="LINK" href="@Ab2PageView/13895?">Clo
ck </Title>[] 
 []


Overfull \hbox (56.79651pt too wide) in paragraph at lines 186--186
[]       \OT1/cmtt/m/n/10 <Title XML-Link="LINK" href="@Ab2PageView/14314?">Cal
culator </Title>[] 
 []


Overfull \hbox (46.2966pt too wide) in paragraph at lines 186--186
[]       \OT1/cmtt/m/n/10 <Title XML-Link="LINK" href="@Ab2PageView/19318?">Tap
e Tool</Title>[] 
 []


Overfull \hbox (41.04665pt too wide) in paragraph at lines 186--186
[]       \OT1/cmtt/m/n/10 <Title XML-Link="LINK" href="@Ab2PageView/21441?">Sna
pshot</Title>[] 
 []


Overfull \hbox (56.79651pt too wide) in paragraph at lines 186--186
[]       \OT1/cmtt/m/n/10 <Title XML-Link="LINK" href="@Ab2PageView/21825?">Ico
n Editor</Title>[] 
 []


Overfull \hbox (30.54674pt too wide) in paragraph at lines 186--186
[]       \OT1/cmtt/m/n/10 <Title XML-Link="LINK" href="@Ab2PageView/22750?">Bin
der</Title>[] 
 []


Overfull \hbox (77.79633pt too wide) in paragraph at lines 186--186
[]       \OT1/cmtt/m/n/10 <Title XML-Link="LINK" href="@Ab2PageView/23852?">Cus
tomizing the Solaris[] 
 []


Overfull \hbox (46.2966pt too wide) in paragraph at lines 186--186
[]       \OT1/cmtt/m/n/10 <Title XML-Link="LINK" href="@Ab2PageView/25997?">Uti
lities</Title>[] 
 []


Overfull \hbox (77.79633pt too wide) in paragraph at lines 186--186
[]       \OT1/cmtt/m/n/10 <Title XML-Link="LINK" href="@Ab2PageView/26320?">Usi
ng the AnswerBook So[] 
 []


Overfull \hbox (77.79633pt too wide) in paragraph at lines 186--186
[]       \OT1/cmtt/m/n/10 <Title XML-Link="LINK" href="@Ab2PageView/27093?">Sol
aris Troubleshooting[] 
 []


Overfull \hbox (77.79633pt too wide) in paragraph at lines 186--186
[]       \OT1/cmtt/m/n/10 <Title XML-Link="LINK" href="disability.xml">Access f
or Users with Disabi[] 
 []


Overfull \hbox (41.04665pt too wide) in paragraph at lines 186--186
[]       \OT1/cmtt/m/n/10 <Title XML-Link="LINK" href="@Ab2PageView/29045?">Glo
ssary</Title>[] 
 []


! LaTeX Error: \begin{breakbox} on input line 113 ended by \end{tex2html_prefor
m}.

See the LaTeX manual or LaTeX Companion for explanation.
Type  H <return>  for immediate help.
 ...                                              
                                                  
l.186 </Book>\end{verbatim}\end{tex2html_preform}
                                                 
Your command was ignored.
Type  I <command> <return>  to replace it with another command,
or  <return>  to continue without it.

l2hSize :breakbox67:1108.4pt::15.06659pt::349.0pt.
[3


]
Overfull \vbox (419.1478pt too high) has occurred while \output is active []

[4]
! Infinite glue shrinkage found on current page.
\newpage ...k \@nobreakfalse \everypar {}\fi \par 
                                                  \vfil \penalty -\@M 
l.189 \hfill\lthtmlcheckvsize\clearpage
                                       }
The page about to be output contains some infinitely
shrinkable glue, e.g., `\vss' or `\vskip 0pt minus 1fil'.
Such glue doesn't belong there; but you can safely proceed,
since the offensive shrinkability has been made finite.

[5]

! LaTeX Error: Environment tex2html_preform undefined.

See the LaTeX manual or LaTeX Companion for explanation.
Type  H <return>  for immediate help.
 ...                                              
                                                  
l.193 \begin{breakbox}\begin{tex2html_preform}
                                              \begin{verbatim}Title   {font-...

Your command was ignored.
Type  I <command> <return>  to replace it with another command,
or  <return>  to continue without it.


! LaTeX Error: \begin{breakbox} on input line 193 ended by \end{tex2html_prefor
m}.

See the LaTeX manual or LaTeX Companion for explanation.
Type  H <return>  for immediate help.
 ...                                              
                                                  
l.199 ...List}\end{verbatim}\end{tex2html_preform}
                                                  
Your command was ignored.
Type  I <command> <return>  to replace it with another command,
or  <return>  to continue without it.

l2hSize :breakbox74:103.4pt::17.84445pt::349.0pt.
[6


]

! LaTeX Error: Environment tex2html_preform undefined.

See the LaTeX manual or LaTeX Companion for explanation.
Type  H <return>  for immediate help.
 ...                                              
                                                  
l.207 \begin{breakbox}\begin{tex2html_preform}
                                              \begin{verbatim}<RDF:RDF>
Your command was ignored.
Type  I <command> <return>  to replace it with another command,
or  <return>  to continue without it.


Overfull \hbox (83.04628pt too wide) in paragraph at lines 246--246
[]   \OT1/cmtt/m/n/10 <child href="NC:Search"  largeIcon="icon/large:workspace,
search" name="Srch"/>[] 
 []


Overfull \hbox (83.04628pt too wide) in paragraph at lines 246--246
[]        \OT1/cmtt/m/n/10 <Topic id="NC:History" largeIcon="icon/large:workspa
ce,history" name="His[] 
 []


Overfull \hbox (83.04628pt too wide) in paragraph at lines 246--246
[]        \OT1/cmtt/m/n/10 <Topic id="NC:Sitemaps" name="Site Tools" htmlURL="h
ttp://rdf.netscape.co[] 
 []


Overfull \hbox (83.04628pt too wide) in paragraph at lines 246--246
[]        \OT1/cmtt/m/n/10 <Topic id="NC:LocalFiles" name="Files" largeIcon="ht
tp://rdf.netscape.com[] 
 []


Overfull \hbox (83.04628pt too wide) in paragraph at lines 246--246
[]        \OT1/cmtt/m/n/10 <Topic id="http://www.netscape.com/netcenter.rdf#roo
t" name="Netcenter"/>[] 
 []


Overfull \hbox (83.04628pt too wide) in paragraph at lines 246--246
[]        \OT1/cmtt/m/n/10 <Topic id="http://www.ilrt.bris.ac.uk/discovery/demo
s/rdf/webcat.rdf#ilrt[] 
 []


Overfull \hbox (46.2966pt too wide) in paragraph at lines 246--246
[]  \OT1/cmtt/m/n/10 <child href="NC:SmartBrowsingProviders" name="SmartBrowsin
g Providers"/>[] 
 []


Overfull \hbox (25.29678pt too wide) in paragraph at lines 246--246
[]    \OT1/cmtt/m/n/10 <child href="http://altavista.digital.com/cgi-bin/query?
q=link%3A"[] 
 []


Overfull \hbox (35.79669pt too wide) in paragraph at lines 246--246
[]    \OT1/cmtt/m/n/10 <child href="http://www-rl1.netscape.com/wtgn?" name="Re
lated Links"[] 
 []


! LaTeX Error: \begin{breakbox} on input line 207 ended by \end{tex2html_prefor
m}.

See the LaTeX manual or LaTeX Companion for explanation.
Type  H <return>  for immediate help.
 ...                                              
                                                  
l.246 ...:RDF>\end{verbatim}\end{tex2html_preform}
                                                  
Your command was ignored.
Type  I <command> <return>  to replace it with another command,
or  <return>  to continue without it.

l2hSize :breakbox90:598.4pt::15.06659pt::349.0pt.
[7


] (images.aux) ) 
Here is how much of TeX's memory you used:
 806 strings out of 10713
 8444 string characters out of 69487
 67782 words of memory out of 263001
 3853 multiletter control sequences out of 10000+0
 22874 words of font info for 86 fonts, out of 200000 for 1000
 14 hyphenation exceptions out of 1000
 28i,5n,23p,354b,430s stack positions out of 300i,100n,500p,30000b,4000s

Output written on images.dvi (7 pages, 9528 bytes).
