This is JTeX, Version 1.8, based on TeX Version 3.14159 (Web2C 7.2) (format=jlatex 1998.6.14)  12 MAR 1999 06:08
**./images.tex
(./images.tex
LaTeX2e <1997/12/01> patch level 2

(/opt/free/share/texmf/tex/jlatex/base/jlatex209.def (/opt/free/share/texmf/tex
/latex/base/latex209.def
File: latex209.def 1996/05/21 v0.51 Standard LaTeX file
Entering LaTeX 2.09 compatibility mode.
\footheight=\dimen103
\@maxsep=\dimen104
\@dblmaxsep=\dimen105
\@cla=\count81
\@clb=\count82
\mscount=\count83
(/opt/free/share/texmf/tex/latex/base/tracefnt.sty
Package: tracefnt 1997/05/29 v3.0j Standard LaTeX package (font tracing)
\tracingfonts=\count84
LaTeX Info: Redefining \selectfont on input line 139.
)
\symbold=\mathgroup4
\symsans=\mathgroup5
\symtypewriter=\mathgroup6
\symitalic=\mathgroup7
\symsmallcaps=\mathgroup8
\symslanted=\mathgroup9
LaTeX Font Info:    Redeclaring math alphabet \mathbf on input line 306.
LaTeX Font Info:    Redeclaring math alphabet \mathsf on input line 307.
LaTeX Font Info:    Redeclaring math alphabet \mathtt on input line 308.
LaTeX Font Info:    Redeclaring math alphabet \mathit on input line 314.
LaTeX Info: Redefining \em on input line 324.
(/opt/free/share/texmf/tex/latex/base/latexsym.sty
Package: latexsym 1996/11/20 v2.2d Standard LaTeX package (lasy symbols)
\symlasy=\mathgroup10
LaTeX Font Info:    Overwriting symbol font `lasy' in version `bold'
(Font)                  U/lasy/m/n --> U/lasy/b/n on input line 85.
)
LaTeX Font Info:    Redeclaring math delimiter \lgroup on input line 388.
LaTeX Font Info:    Redeclaring math delimiter \rgroup on input line 390.
LaTeX Font Info:    Redeclaring math delimiter \bracevert on input line 392.
(/opt/free/share/texmf/tex/latex/config/latex209.cfg (/opt/free/share/texmf/tex
/latex/tools/rawfonts.sty
Compatibility mode: package `' requested, but `rawfonts' provided.
Package: rawfonts 1994/05/08 Low-level LaTeX 2.09 font compatibility
(/opt/free/share/texmf/tex/latex/tools/somedefs.sty
Package: somedefs 1994/06/01 Toolkit for optional definitions
)
LaTeX Font Info:    Try loading font information for U+lasy on input line 36.
(/opt/free/share/texmf/tex/latex/base/ulasy.fd
File: ulasy.fd 1996/11/20 v2.2dLaTeX symbol font definitions
))))) (/opt/free/share/texmf/tex/jlatex/base/tracejfnt.sty
Package: tracejfnt 1994/11/18 v2.3m Standard JLaTeX package (font tracing)
LaTeX Info: Redefining \selectfont on input line 6.
) (/opt/free/share/texmf/tex/jlatex/base/jarticle.cls) (/opt/free/share/texmf/t
ex/jlatex/base/j-article.cls
Document Class: j-article 1997/10/10 v1.3x Standard JLaTeX document class
(/opt/free/share/texmf/tex/jlatex/base/j-size10.clo
File: j-size10.clo 1997/10/10 v1.3x Standard JLaTeX file (size option)
(/opt/free/share/texmf/tex/jlatex/base/jresize10.clo))
\c@part=\count85
\c@section=\count86
\c@subsection=\count87
\c@subsubsection=\count88
\c@paragraph=\count89
\c@subparagraph=\count90
\c@figure=\count91
\c@table=\count92
\abovecaptionskip=\skip41
\belowcaptionskip=\skip42
Compatibility mode: definition of \rm ignored.
Compatibility mode: definition of \sf ignored.
Compatibility mode: definition of \tt ignored.
Compatibility mode: definition of \bf ignored.
Compatibility mode: definition of \it ignored.
Compatibility mode: definition of \sl ignored.
Compatibility mode: definition of \sc ignored.
LaTeX Info: Redefining \cal on input line 555.
LaTeX Info: Redefining \mit on input line 556.
\bibindent=\dimen106
) (/home/x/masao/LaTeX/a4j.sty) (/home/x/masao/LaTeX/eclepsf.sty
EPSF macro package for LaTeX. version 1.5 - Released May 11, 1992
\@arga=\count93
\@argb=\count94
\@argc=\count95
\@ctmpa=\count96
\@ctmpb=\count97
\@ctmpc=\count98
\@ctmpd=\count99
\@ctmpe=\count100
\@darg=\dimen107
\@bblen=\dimen108
\ps@stream=\read1
) (/home/x/masao/LaTeX/fancyheadings.sty
\headrulewidth=\dimen109
\footrulewidth=\dimen110
\plainheadrulewidth=\dimen111
\plainfootrulewidth=\dimen112
\headwidth=\dimen113
)
\sizebox=\box27
\lthtmlwrite=\write3
No file images.aux.
\openout1 = `images.aux'.

LaTeX Font Info:    Checking defaults for OML/cmm/m/it on input line 79.
LaTeX Font Info:    ... okay on input line 79.
LaTeX Font Info:    Checking defaults for T1/cmr/m/n on input line 79.
LaTeX Font Info:    ... okay on input line 79.
LaTeX Font Info:    Checking defaults for OT1/cmr/m/n on input line 79.
LaTeX Font Info:    ... okay on input line 79.
LaTeX Font Info:    Checking defaults for OMS/cmsy/m/n on input line 79.
LaTeX Font Info:    ... okay on input line 79.
LaTeX Font Info:    Checking defaults for OMX/cmex/m/n on input line 79.
LaTeX Font Info:    ... okay on input line 79.
LaTeX Font Info:    Checking defaults for U/cmr/m/n on input line 79.
LaTeX Font Info:    ... okay on input line 79.
LaTeX Font Info:    Checking defaults for JP/dn/m/n on input line 79.
LaTeX Font Info:    ... okay on input line 79.
latex2htmlLength hsize=349.0pt
latex2htmlLength vsize=700.31879pt
latex2htmlLength hoffset=0.0pt
latex2htmlLength voffset=0.0pt
latex2htmlLength topmargin=0.0pt
latex2htmlLength topskip=0.00003pt
latex2htmlLength headheight=0.0pt
latex2htmlLength headsep=0.0pt
latex2htmlLength parskip=0.0pt plus 1.0pt
latex2htmlLength oddsidemargin=0.0pt
latex2htmlLength evensidemargin=0.0pt
l2hSize :tex2html_wrap213:14.50877pt::8.74443pt::349.0pt.
[1


]
LaTeX Font Info:    External font `cmex10' loaded for size
(Font)              <7> on input line 106.
LaTeX Font Info:    External font `cmex10' loaded for size
(Font)              <5> on input line 106.
l2hSize :tex2html_wrap_inline123:8.0pt::8.0pt::81.50208pt.
[2


]
l2hSize :tex2html_wrap_inline125:8.0pt::8.0pt::24.88083pt.
[3


]
l2hSize :tex2html_wrap_inline129:6.95831pt::6.95831pt::9.29399pt.
[4


]
l2hSize :displaymath117:17.5pt::0.0pt::349.0pt.
[5


]
LaTeX Font Info:    Font shape `U/lasy/b/n' in size <7> not available
(Font)              Font shape `U/lasy/m/n' tried instead on input line 131.
LaTeX Font Info:    Font shape `U/lasy/b/n' in size <5> not available
(Font)              Font shape `U/lasy/m/n' tried instead on input line 131.
l2hSize :eqnarraystar27:44.44678pt::0.0pt::349.0pt.
[6


]
l2hSize :tex2html_wrap_inline133:8.87892pt::0.0pt::39.40271pt.
[7


]
l2hSize :tex2html_wrap_inline135:8.87892pt::0.0pt::46.87839pt.
[8


]
l2hSize :tex2html_wrap_inline42:6.45831pt::0.0pt::5.00002pt.
[9


]
l2hSize :tex2html_wrap_inline141:6.95831pt::6.95831pt::11.20026pt.
[10


]
l2hSize :tex2html_wrap_inline149:8.0pt::8.0pt::39.3496pt.
[11


]
l2hSize :displaymath118:23.82603pt::0.0pt::349.0pt.
[12


]
l2hSize :tex2html_wrap_inline163:8.0pt::8.0pt::37.58221pt.
[13


]
l2hSize :tex2html_wrap_inline173:6.94444pt::0.0pt::4.97223pt.
[14


]
l2hSize :displaymath119:18.01659pt::0.0pt::349.0pt.
[15


]
l2hSize :tex2html_wrap_inline187:6.95831pt::6.95831pt::6.02548pt.
[16


]
l2hSize :tex2html_wrap_inline189:6.83331pt::0.0pt::8.375pt.
[17


]
l2hSize :tex2html_wrap_inline193:9.97221pt::9.97221pt::23.23141pt.
[18


]
l2hSize :displaymath73:32.3112pt::0.0pt::349.0pt.
[19


] (images.aux) ) 
Here is how much of TeX's memory you used:
 799 strings out of 10713
 8403 string characters out of 69487
 52177 words of memory out of 263001
 3845 multiletter control sequences out of 10000+0
 25018 words of font info for 105 fonts, out of 200000 for 1000
 14 hyphenation exceptions out of 1000
 28i,8n,23p,352b,388s stack positions out of 300i,100n,500p,30000b,4000s

Output written on images.dvi (19 pages, 4804 bytes).
