This is JTeX, Version 1.8, based on TeX Version 3.14159 (Web2C 7.2) (format=jlatex 1998.6.14)  12 MAR 1999 05:37
**./images.tex
(./images.tex
LaTeX2e <1997/12/01> patch level 2

(/opt/free/share/texmf/tex/jlatex/base/jlatex209.def (/opt/free/share/texmf/tex
/latex/base/latex209.def
File: latex209.def 1996/05/21 v0.51 Standard LaTeX file
Entering LaTeX 2.09 compatibility mode.
\footheight=\dimen103
\@maxsep=\dimen104
\@dblmaxsep=\dimen105
\@cla=\count81
\@clb=\count82
\mscount=\count83
(/opt/free/share/texmf/tex/latex/base/tracefnt.sty
Package: tracefnt 1997/05/29 v3.0j Standard LaTeX package (font tracing)
\tracingfonts=\count84
LaTeX Info: Redefining \selectfont on input line 139.
)
\symbold=\mathgroup4
\symsans=\mathgroup5
\symtypewriter=\mathgroup6
\symitalic=\mathgroup7
\symsmallcaps=\mathgroup8
\symslanted=\mathgroup9
LaTeX Font Info:    Redeclaring math alphabet \mathbf on input line 306.
LaTeX Font Info:    Redeclaring math alphabet \mathsf on input line 307.
LaTeX Font Info:    Redeclaring math alphabet \mathtt on input line 308.
LaTeX Font Info:    Redeclaring math alphabet \mathit on input line 314.
LaTeX Info: Redefining \em on input line 324.
(/opt/free/share/texmf/tex/latex/base/latexsym.sty
Package: latexsym 1996/11/20 v2.2d Standard LaTeX package (lasy symbols)
\symlasy=\mathgroup10
LaTeX Font Info:    Overwriting symbol font `lasy' in version `bold'
(Font)                  U/lasy/m/n --> U/lasy/b/n on input line 85.
)
LaTeX Font Info:    Redeclaring math delimiter \lgroup on input line 388.
LaTeX Font Info:    Redeclaring math delimiter \rgroup on input line 390.
LaTeX Font Info:    Redeclaring math delimiter \bracevert on input line 392.
(/opt/free/share/texmf/tex/latex/config/latex209.cfg (/opt/free/share/texmf/tex
/latex/tools/rawfonts.sty
Compatibility mode: package `' requested, but `rawfonts' provided.
Package: rawfonts 1994/05/08 Low-level LaTeX 2.09 font compatibility
(/opt/free/share/texmf/tex/latex/tools/somedefs.sty
Package: somedefs 1994/06/01 Toolkit for optional definitions
)
LaTeX Font Info:    Try loading font information for U+lasy on input line 36.
(/opt/free/share/texmf/tex/latex/base/ulasy.fd
File: ulasy.fd 1996/11/20 v2.2dLaTeX symbol font definitions
))))) (/opt/free/share/texmf/tex/jlatex/base/tracejfnt.sty
Package: tracejfnt 1994/11/18 v2.3m Standard JLaTeX package (font tracing)
LaTeX Info: Redefining \selectfont on input line 6.
) (/opt/free/share/texmf/tex/jlatex/base/jarticle.cls) (/opt/free/share/texmf/t
ex/jlatex/base/j-article.cls
Document Class: j-article 1997/10/10 v1.3x Standard JLaTeX document class
(/opt/free/share/texmf/tex/jlatex/base/j-size10.clo
File: j-size10.clo 1997/10/10 v1.3x Standard JLaTeX file (size option)
(/opt/free/share/texmf/tex/jlatex/base/jresize10.clo))
\c@part=\count85
\c@section=\count86
\c@subsection=\count87
\c@subsubsection=\count88
\c@paragraph=\count89
\c@subparagraph=\count90
\c@figure=\count91
\c@table=\count92
\abovecaptionskip=\skip41
\belowcaptionskip=\skip42
Compatibility mode: definition of \rm ignored.
Compatibility mode: definition of \sf ignored.
Compatibility mode: definition of \tt ignored.
Compatibility mode: definition of \bf ignored.
Compatibility mode: definition of \it ignored.
Compatibility mode: definition of \sl ignored.
Compatibility mode: definition of \sc ignored.
LaTeX Info: Redefining \cal on input line 555.
LaTeX Info: Redefining \mit on input line 556.
\bibindent=\dimen106
) (/home/x/masao/LaTeX/a4j.sty) (/home/x/masao/LaTeX/eclepsf.sty
EPSF macro package for LaTeX. version 1.5 - Released May 11, 1992
\@arga=\count93
\@argb=\count94
\@argc=\count95
\@ctmpa=\count96
\@ctmpb=\count97
\@ctmpc=\count98
\@ctmpd=\count99
\@ctmpe=\count100
\@darg=\dimen107
\@bblen=\dimen108
\ps@stream=\read1
) (/opt/free/share/texmf/tex/platex/base/ascmac.sty (/opt/free/share/texmf/tex/
platex/base/tascmac.sty
\@savetbaselineshift=\dimen109
\@saveybaselineshift=\dimen110
\scb@x=\box27
\scscb@x=\box28
\@bw=\dimen111
\@nbox=\box29
\@nbody=\box30
\@scw=\dimen112
\@itemh=\dimen113
\@iboxstr=\toks14
\@iboxpos=\toks15
\@bwsp=\box31
\@@bwsp=\box32
\@bcal=\count101
\shaderule=\dimen114
)) (/home/x/masao/LaTeX/eclbkbox.sty
\bk@bxb=\box33
\bk@bxa=\box34
\bk@lcnt=\count102
) (/home/x/masao/LaTeX/fancyheadings.sty
\headrulewidth=\dimen115
\footrulewidth=\dimen116
\plainheadrulewidth=\dimen117
\plainfootrulewidth=\dimen118
\headwidth=\dimen119
)
\sizebox=\box35
\lthtmlwrite=\write3
(images.aux)
\openout1 = `images.aux'.

LaTeX Font Info:    Checking defaults for OML/cmm/m/it on input line 76.
LaTeX Font Info:    ... okay on input line 76.
LaTeX Font Info:    Checking defaults for T1/cmr/m/n on input line 76.
LaTeX Font Info:    ... okay on input line 76.
LaTeX Font Info:    Checking defaults for OT1/cmr/m/n on input line 76.
LaTeX Font Info:    ... okay on input line 76.
LaTeX Font Info:    Checking defaults for OMS/cmsy/m/n on input line 76.
LaTeX Font Info:    ... okay on input line 76.
LaTeX Font Info:    Checking defaults for OMX/cmex/m/n on input line 76.
LaTeX Font Info:    ... okay on input line 76.
LaTeX Font Info:    Checking defaults for U/cmr/m/n on input line 76.
LaTeX Font Info:    ... okay on input line 76.
LaTeX Font Info:    Checking defaults for JP/dn/m/n on input line 76.
LaTeX Font Info:    ... okay on input line 76.
latex2htmlLength hsize=349.0pt
latex2htmlLength vsize=700.31879pt
latex2htmlLength hoffset=0.0pt
latex2htmlLength voffset=0.0pt
latex2htmlLength topmargin=0.0pt
latex2htmlLength topskip=0.00003pt
latex2htmlLength headheight=0.0pt
latex2htmlLength headsep=0.0pt
latex2htmlLength parskip=0.0pt plus 1.0pt
latex2htmlLength oddsidemargin=0.0pt
latex2htmlLength evensidemargin=0.0pt
! Undefined control sequence.
\screen ->\@savetbaselineshift \tbaselineshift 
                                               \tbaselineshift \z@ \@ifnextc...
l.94 \begin{screen}
                   {\noindent\bf 発表論文}\\
The control sequence at the end of the top line
of your error message was never \def'ed. If you have
misspelled it (e.g., `\hobx'), type `I' and the correct
spelling (e.g., `I\hbox'). Otherwise just continue,
and I'll forget about whatever was undefined.

! Undefined control sequence.
\screen ...eshift \tbaselineshift \tbaselineshift 
                                                  \z@ \@ifnextchar [{\@scree...
l.94 \begin{screen}
                   {\noindent\bf 発表論文}\\
The control sequence at the end of the top line
of your error message was never \def'ed. If you have
misspelled it (e.g., `\hobx'), type `I' and the correct
spelling (e.g., `I\hbox'). Otherwise just continue,
and I'll forget about whatever was undefined.

! Undefined control sequence.
\@screen ...gin {minipage}{\@scw }\tbaselineshift 
                                                  \@savetbaselineshift 
l.94 \begin{screen}{
                    \noindent\bf 発表論文}\\
The control sequence at the end of the top line
of your error message was never \def'ed. If you have
misspelled it (e.g., `\hobx'), type `I' and the correct
spelling (e.g., `I\hbox'). Otherwise just continue,
and I'll forget about whatever was undefined.

! Missing number, treated as zero.
<to be read again> 
                   {
l.94 \begin{screen}{
                    \noindent\bf 発表論文}\\
A number should have been here; I inserted `0'.
(If you can't figure out why I needed to see a number,
look up `weird error' in the index to The TeXbook.)

! Illegal unit of measure (pt inserted).
<to be read again> 
                   {
l.94 \begin{screen}{
                    \noindent\bf 発表論文}\\
Dimensions can be in units of em, ex, in, pt, pc,
cm, mm, dd, cc, bp, or sp; but yours is a new one!
I'll assume that you meant to say pt, for printer's points.
To recover gracefully from this error, it's best to
delete the erroneous units; e.g., type `2' to delete
two letters. (See Chapter 27 of The TeXbook.)


Underfull \hbox (badness 1189) in paragraph at lines 94--98
\OT1/cmr/m/n/10 with Higher-Level In-for-ma-tion Man-age-ment Pro-to-cols''. la
st up-date
 []


Overfull \hbox (38.4968pt too wide) in paragraph at lines 94--98
\OT1/cmtt/m/n/10 <URL:http://www-diglib.stanford.edu/cgi-bin/WP/get/SIDL-WP-199
7-0065/> 
 []

LaTeX Font Info:    External font `cmex10' loaded for size
(Font)              <7> on input line 98.
LaTeX Font Info:    External font `cmex10' loaded for size
(Font)              <5> on input line 98.
l2hSize :screen12:110.03102pt::0.0pt::349.0pt.
[1


]
analyzing 1.ps
original: 184mm x 96mm becomes 99mm x 51mm
l2hSize :figure21:167.95424pt::0.0pt::349.0pt.
[2


]
analyzing 2.ps
original: 184mm x 84mm becomes 99mm x 44mm
l2hSize :figure30:148.03728pt::0.0pt::349.0pt.
[3


]
analyzing 3.ps
original: 184mm x 104mm becomes 99mm x 55mm
l2hSize :figure41:179.33528pt::0.0pt::349.0pt.
[4


]
analyzing 6.ps
original: 184mm x 85mm becomes 99mm x 45mm
l2hSize :figure59:150.88254pt::0.0pt::349.0pt.
[5


] (images.aux) ) 
Here is how much of TeX's memory you used:
 947 strings out of 10713
 9899 string characters out of 69487
 55771 words of memory out of 263001
 3954 multiletter control sequences out of 10000+0
 23154 words of font info for 90 fonts, out of 200000 for 1000
 14 hyphenation exceptions out of 1000
 28i,6n,23p,368b,570s stack positions out of 300i,100n,500p,30000b,4000s

Output written on images.dvi (5 pages, 1620 bytes).
