This is pTeX, Version p2.1.8, based on TeX, Version 3.14159 (EUC) (Web2C 7.2) (format=platex 1998.6.19)  12 MAR 1999 05:37
**infobus_service.tex
(infobus_service.tex
pLaTeX2e <1998/02/17>+0 (based on LaTeX2e <1997/12/01> patch level 1)
(/opt/free/share/texmf/tex/platex/base/pl209.def
Entering pLaTeX 2.09 compatibility mode.
(/opt/free/share/texmf/tex/latex/base/latex209.def
File: latex209.def 1996/05/21 v0.51 Standard LaTeX file

Entering LaTeX 2.09 compatibility mode.
\footheight=\dimen118
\@maxsep=\dimen119
\@dblmaxsep=\dimen120
\@cla=\count81
\@clb=\count82
\mscount=\count83
(/opt/free/share/texmf/tex/latex/base/tracefnt.sty
Package: tracefnt 1997/05/29 v3.0j Standard LaTeX package (font tracing)
\tracingfonts=\count84
LaTeX Info: Redefining \selectfont on input line 139.
)
\symbold=\mathgroup4
\symsans=\mathgroup5
\symtypewriter=\mathgroup6
\symitalic=\mathgroup7
\symsmallcaps=\mathgroup8
\symslanted=\mathgroup9
LaTeX Font Info:    Redeclaring math alphabet \mathbf on input line 306.
LaTeX Font Info:    Redeclaring math alphabet \mathsf on input line 307.
LaTeX Font Info:    Redeclaring math alphabet \mathtt on input line 308.
LaTeX Font Info:    Redeclaring math alphabet \mathit on input line 314.
LaTeX Info: Redefining \em on input line 324.

(/opt/free/share/texmf/tex/latex/base/latexsym.sty
Package: latexsym 1996/11/20 v2.2d Standard LaTeX package (lasy symbols)
\symlasy=\mathgroup10
LaTeX Font Info:    Overwriting symbol font `lasy' in version `bold'
(Font)                  U/lasy/m/n --> U/lasy/b/n on input line 85.
)
LaTeX Font Info:    Redeclaring math delimiter \lgroup on input line 388.
LaTeX Font Info:    Redeclaring math delimiter \rgroup on input line 390.
LaTeX Font Info:    Redeclaring math delimiter \bracevert on input line 392.

(/opt/free/share/texmf/tex/latex/config/latex209.cfg
(/opt/free/share/texmf/tex/latex/tools/rawfonts.sty
Compatibility mode: package `' requested, but `rawfonts' provided.
Package: rawfonts 1994/05/08 Low-level LaTeX 2.09 font compatibility

(/opt/free/share/texmf/tex/latex/tools/somedefs.sty
Package: somedefs 1994/06/01 Toolkit for optional definitions
)
LaTeX Font Info:    Try loading font information for U+lasy on input line 36.

(/opt/free/share/texmf/tex/latex/base/ulasy.fd
File: ulasy.fd 1996/11/20 v2.2dLaTeX symbol font definitions
))))
(/opt/free/share/texmf/tex/platex/base/ptrace.sty
LaTeX Info: Redefining \selectfont on input line 36.
\adjust@box=\box41
\adjust@dimen=\dimen121
)
\symmincho=\mathgroup11
\symgothic=\mathgroup12
LaTeX Font Info:    Overwriting symbol font `mincho' in version `bold'
(Font)                  JY1/mc/m/n --> JY1/gt/m/n on input line 55.
LaTeX Info: Redefining \bf on input line 69.
LaTeX Info: Redefining \rm on input line 76.
LaTeX Info: Redefining \sf on input line 77.
LaTeX Info: Redefining \sl on input line 78.
LaTeX Info: Redefining \sc on input line 79.
LaTeX Info: Redefining \it on input line 80.
LaTeX Info: Redefining \tt on input line 81.
LaTeX Info: Redefining \em on input line 82.
)
(/opt/free/share/texmf/tex/platex/base/jarticle.cls
Document Class: jarticle 1998/04/07 v1.1m Standard pLaTeX class
\c@@paper=\count85
(/opt/free/share/texmf/tex/platex/base/jsize10.clo
File: jsize10.clo 1998/04/07 v1.1m Standard pLaTeX file (size option)
)
\c@part=\count86
\c@section=\count87
\c@subsection=\count88
\c@subsubsection=\count89
\c@paragraph=\count90
\c@subparagraph=\count91
\c@figure=\count92
\c@table=\count93
\abovecaptionskip=\skip41
\belowcaptionskip=\skip42
LaTeX Font Info:    Redeclaring symbol font `mincho' on input line 589.
LaTeX Font Info:    Overwriting symbol font `mincho' in version `normal'
(Font)                  JY1/mc/m/n --> JY1/mc/m/n on input line 589.
LaTeX Font Info:    Overwriting symbol font `mincho' in version `bold'
(Font)                  JY1/gt/m/n --> JY1/mc/m/n on input line 589.
LaTeX Font Info:    Redeclaring math alphabet \mathmc on input line 590.
LaTeX Font Info:    Overwriting symbol font `mincho' in version `bold'
(Font)                  JY1/mc/m/n --> JY1/gt/m/n on input line 591.
LaTeX Font Info:    Redeclaring math alphabet \mathgt on input line 592.
LaTeX Info: Redefining \mathrm on input line 593.
LaTeX Info: Redefining \mathbf on input line 594.
Compatibility mode: definition of \mc ignored.
Compatibility mode: definition of \gt ignored.
Compatibility mode: definition of \rm ignored.
Compatibility mode: definition of \sf ignored.
Compatibility mode: definition of \tt ignored.
Compatibility mode: definition of \bf ignored.
Compatibility mode: definition of \it ignored.
Compatibility mode: definition of \sl ignored.
Compatibility mode: definition of \sc ignored.
LaTeX Info: Redefining \cal on input line 615.
LaTeX Info: Redefining \mit on input line 616.
\toclineskip=\dimen122
\@lnumwidth=\dimen123
\bibindent=\dimen124
\heisei=\count94
)
(/home/x/masao/LaTeX/eclepsf.sty
EPSF macro package for LaTeX. version 1.5 - Released May 11, 1992
\@arga=\count95
\@argb=\count96
\@argc=\count97
\@ctmpa=\count98
\@ctmpb=\count99
\@ctmpc=\count100
\@ctmpd=\count101
\@ctmpe=\count102
\@darg=\dimen125
\@bblen=\dimen126
\ps@stream=\read1
) (/opt/free/share/texmf/tex/platex/base/ascmac.sty
(/opt/free/share/texmf/tex/platex/base/tascmac.sty
\@savetbaselineshift=\dimen127
\@saveybaselineshift=\dimen128
\scb@x=\box42
\scscb@x=\box43
\@bw=\dimen129
\@nbox=\box44
\@nbody=\box45
\@scw=\dimen130
\@itemh=\dimen131
\@iboxstr=\toks15
\@iboxpos=\toks16
\@bwsp=\box46
\@@bwsp=\box47
\@bcal=\count103
\shaderule=\dimen132
))
(/home/x/masao/LaTeX/eclbkbox.sty
\bk@bxb=\box48
\bk@bxa=\box49
\bk@lcnt=\count104
) (/home/x/masao/LaTeX/fancyheadings.sty
\headrulewidth=\dimen133
\footrulewidth=\dimen134
\plainheadrulewidth=\dimen135
\plainfootrulewidth=\dimen136
\headwidth=\dimen137
)
(infobus_service.aux)
\openout1 = `infobus_service.aux'.

LaTeX Font Info:    Checking defaults for OML/cmm/m/it on input line 5.
LaTeX Font Info:    ... okay on input line 5.
LaTeX Font Info:    Checking defaults for T1/cmr/m/n on input line 5.
LaTeX Font Info:    ... okay on input line 5.
LaTeX Font Info:    Checking defaults for OT1/cmr/m/n on input line 5.
LaTeX Font Info:    ... okay on input line 5.
LaTeX Font Info:    Checking defaults for OMS/cmsy/m/n on input line 5.
LaTeX Font Info:    ... okay on input line 5.
LaTeX Font Info:    Checking defaults for OMX/cmex/m/n on input line 5.
LaTeX Font Info:    ... okay on input line 5.
LaTeX Font Info:    Checking defaults for U/cmr/m/n on input line 5.
LaTeX Font Info:    ... okay on input line 5.
LaTeX Font Info:    Checking defaults for JY1/mc/m/n on input line 5.
LaTeX Font Info:    ... okay on input line 5.
LaTeX Font Info:    Checking defaults for JT1/mc/m/n on input line 5.
LaTeX Font Info:    ... okay on input line 5.
LaTeX Font Info:    Font shape `JY1/mc/bx/n' in size <10> not available
(Font)              Font shape `JY1/gt/m/n' tried instead on input line 17.
LaTeX Font Info:    Font shape `JT1/mc/bx/n' in size <10> not available
(Font)              Font shape `JT1/gt/m/n' tried instead on input line 17.
LaTeX Font Info:    External font `cmex10' loaded for size
(Font)              <7> on input line 21.
LaTeX Font Info:    External font `cmex10' loaded for size
(Font)              <5> on input line 21.
LaTeX Font Info:    Font shape `JY1/mc/bx/n' in size <14.4> not available
(Font)              Font shape `JY1/gt/m/n' tried instead on input line 33.
LaTeX Font Info:    Font shape `JT1/mc/bx/n' in size <14.4> not available
(Font)              Font shape `JT1/gt/m/n' tried instead on input line 33.

Overfull \vbox (3.0pt too high) has occurred while \output is active []

 [1

]
analyzing 1.ps
original: 184mm x 96mm becomes 99mm x 51mm [2

]
analyzing 2.ps
original: 184mm x 84mm becomes 99mm x 44mm
LaTeX Font Info:    Font shape `JY1/mc/bx/n' in size <12> not available
(Font)              Font shape `JY1/gt/m/n' tried instead on input line 204.
LaTeX Font Info:    Font shape `JT1/mc/bx/n' in size <12> not available
(Font)              Font shape `JT1/gt/m/n' tried instead on input line 204.

analyzing 3.ps
original: 184mm x 104mm becomes 99mm x 55mm [3

] [4]
analyzing 6.ps
original: 184mm x 85mm becomes 99mm x 45mm [5

] [6] [7

] [8] (infobus_service.aux) ) 
Here is how much of TeX's memory you used:
 785 strings out of 10672
 8036 string characters out of 69942
 57261 words of memory out of 263001
 3879 multiletter control sequences out of 10000+0
 27234 words of font info for 105 fonts, out of 200000 for 1000
 14 hyphenation exceptions out of 1000
 23i,10n,21p,374b,385s stack positions out of 300i,100n,500p,30000b,4000s

Output written on infobus_service.dvi (8 pages, 30400 bytes).
